{
  "stats": {
    "suites": 0,
    "tests": 1,
    "passes": 1,
    "pending": 0,
    "failures": 0,
    "start": "2022-01-19T01:36:02.859Z",
    "end": "2022-01-19T01:36:12.385Z",
    "duration": 9526,
    "testsRegistered": 1,
    "passPercent": 100,
    "pendingPercent": 0,
    "other": 0,
    "hasOther": false,
    "skipped": 0,
    "hasSkipped": false
  },
  "results": [
    {
      "uuid": "cb3687cf-f20f-438b-9f5c-5a8e6902c79b",
      "title": "",
      "fullFile": "cypress/integration/test002x (4).ts",
      "file": "cypress/integration/test002x (4).ts",
      "beforeHooks": [],
      "afterHooks": [],
      "tests": [
        {
          "title": "page objects model test",
          "fullTitle": "page objects model test",
          "timedOut": null,
          "duration": 4085,
          "state": "passed",
          "speed": "fast",
          "pass": true,
          "fail": false,
          "pending": false,
          "context": null,
          "code": "loginPage.navigate(loginPage.loginPage_url_locator);\nloginPage.enterUserName('test');\nloginPage.enterPassword('test');\nloginPage.clickLogin();\ncy.get('h2', { timeout: 5000 }).should('contain', 'Login Successful :)');",
          "err": {},
          "uuid": "0ed6356e-afa5-466d-9d49-63741d2f54fd",
          "parentUUID": "cb3687cf-f20f-438b-9f5c-5a8e6902c79b",
          "isHook": false,
          "skipped": false
        }
      ],
      "suites": [],
      "passes": [
        "0ed6356e-afa5-466d-9d49-63741d2f54fd"
      ],
      "failures": [],
      "pending": [],
      "skipped": [],
      "duration": 4085,
      "root": true,
      "rootEmpty": false,
      "_timeout": 2000
    }
  ],
  "meta": {
    "mocha": {
      "version": "7.0.1"
    },
    "mochawesome": {
      "options": {
        "quiet": false,
        "reportFilename": "mochawesome",
        "saveHtml": false,
        "saveJson": true,
        "consoleReporter": "spec",
        "useInlineDiffs": false,
        "code": true
      },
      "version": "7.0.1"
    },
    "marge": {
      "options": {
        "charts": true,
        "overwrite": false,
        "html": false,
        "json": true,
        "reportDir": "cypress/reports"
      },
      "version": "6.0.1"
    }
  }
}