{
  "stats": {
    "suites": 0,
    "tests": 1,
    "passes": 1,
    "pending": 0,
    "failures": 0,
    "start": "2022-01-19T01:35:34.642Z",
    "end": "2022-01-19T01:35:44.247Z",
    "duration": 9605,
    "testsRegistered": 1,
    "passPercent": 100,
    "pendingPercent": 0,
    "other": 0,
    "hasOther": false,
    "skipped": 0,
    "hasSkipped": false
  },
  "results": [
    {
      "uuid": "e7305e42-f699-4252-a5f3-0a72c6592a25",
      "title": "",
      "fullFile": "cypress/integration/test002x (3).ts",
      "file": "cypress/integration/test002x (3).ts",
      "beforeHooks": [],
      "afterHooks": [],
      "tests": [
        {
          "title": "page objects model test",
          "fullTitle": "page objects model test",
          "timedOut": null,
          "duration": 4142,
          "state": "passed",
          "speed": "fast",
          "pass": true,
          "fail": false,
          "pending": false,
          "context": null,
          "code": "loginPage.navigate(loginPage.loginPage_url_locator);\nloginPage.enterUserName('test');\nloginPage.enterPassword('test');\nloginPage.clickLogin();\ncy.get('h2', { timeout: 5000 }).should('contain', 'Login Successful :)');",
          "err": {},
          "uuid": "9e59b8ee-d1f7-4dc0-a29c-c7dded0976f3",
          "parentUUID": "e7305e42-f699-4252-a5f3-0a72c6592a25",
          "isHook": false,
          "skipped": false
        }
      ],
      "suites": [],
      "passes": [
        "9e59b8ee-d1f7-4dc0-a29c-c7dded0976f3"
      ],
      "failures": [],
      "pending": [],
      "skipped": [],
      "duration": 4142,
      "root": true,
      "rootEmpty": false,
      "_timeout": 2000
    }
  ],
  "meta": {
    "mocha": {
      "version": "7.0.1"
    },
    "mochawesome": {
      "options": {
        "quiet": false,
        "reportFilename": "mochawesome",
        "saveHtml": false,
        "saveJson": true,
        "consoleReporter": "spec",
        "useInlineDiffs": false,
        "code": true
      },
      "version": "7.0.1"
    },
    "marge": {
      "options": {
        "charts": true,
        "overwrite": false,
        "html": false,
        "json": true,
        "reportDir": "cypress/reports"
      },
      "version": "6.0.1"
    }
  }
}