{
  "stats": {
    "suites": 0,
    "tests": 1,
    "passes": 1,
    "pending": 0,
    "failures": 0,
    "start": "2022-01-19T01:15:30.648Z",
    "end": "2022-01-19T01:15:39.659Z",
    "duration": 9011,
    "testsRegistered": 1,
    "passPercent": 100,
    "pendingPercent": 0,
    "other": 0,
    "hasOther": false,
    "skipped": 0,
    "hasSkipped": false
  },
  "results": [
    {
      "uuid": "54dba312-1274-42dd-9de1-ed6ef415c4c0",
      "title": "",
      "fullFile": "cypress/integration/test002.ts",
      "file": "cypress/integration/test002.ts",
      "beforeHooks": [],
      "afterHooks": [],
      "tests": [
        {
          "title": "page objects model test",
          "fullTitle": "page objects model test",
          "timedOut": null,
          "duration": 3424,
          "state": "passed",
          "speed": "fast",
          "pass": true,
          "fail": false,
          "pending": false,
          "context": null,
          "code": "loginPage.navigate(loginPage.loginPage_url_locator);\nloginPage.enterUserName('test');\nloginPage.enterPassword('test');\nloginPage.clickLogin();\ncy.get('h2', { timeout: 5000 }).should('contain', 'Login Successful :)');",
          "err": {},
          "uuid": "fc65b602-3abc-4f5c-825f-8dafba316365",
          "parentUUID": "54dba312-1274-42dd-9de1-ed6ef415c4c0",
          "isHook": false,
          "skipped": false
        }
      ],
      "suites": [],
      "passes": [
        "fc65b602-3abc-4f5c-825f-8dafba316365"
      ],
      "failures": [],
      "pending": [],
      "skipped": [],
      "duration": 3424,
      "root": true,
      "rootEmpty": false,
      "_timeout": 2000
    }
  ],
  "meta": {
    "mocha": {
      "version": "7.0.1"
    },
    "mochawesome": {
      "options": {
        "quiet": false,
        "reportFilename": "mochawesome",
        "saveHtml": false,
        "saveJson": true,
        "consoleReporter": "spec",
        "useInlineDiffs": false,
        "code": true
      },
      "version": "7.0.1"
    },
    "marge": {
      "options": {
        "charts": true,
        "overwrite": false,
        "html": false,
        "json": true,
        "reportDir": "cypress/reports"
      },
      "version": "6.0.1"
    }
  }
}