{
  "stats": {
    "suites": 0,
    "tests": 1,
    "passes": 1,
    "pending": 0,
    "failures": 0,
    "start": "2022-01-19T01:06:34.898Z",
    "end": "2022-01-19T01:06:44.381Z",
    "duration": 9483,
    "testsRegistered": 1,
    "passPercent": 100,
    "pendingPercent": 0,
    "other": 0,
    "hasOther": false,
    "skipped": 0,
    "hasSkipped": false
  },
  "results": [
    {
      "uuid": "9c0392c8-2d5e-4211-955a-73af604321b1",
      "title": "",
      "fullFile": "cypress/integration/test002.ts",
      "file": "cypress/integration/test002.ts",
      "beforeHooks": [],
      "afterHooks": [],
      "tests": [
        {
          "title": "page objects model test",
          "fullTitle": "page objects model test",
          "timedOut": null,
          "duration": 3750,
          "state": "passed",
          "speed": "fast",
          "pass": true,
          "fail": false,
          "pending": false,
          "context": null,
          "code": "loginPage.navigate(loginPage.loginPage_url_locator);\nloginPage.enterUserName('test');\nloginPage.enterPassword('test');\nloginPage.clickLogin();\ncy.get('h2', { timeout: 5000 }).should('contain', 'Login Successful :)');",
          "err": {},
          "uuid": "169cee91-e89f-4e72-9380-5bc90a01f491",
          "parentUUID": "9c0392c8-2d5e-4211-955a-73af604321b1",
          "isHook": false,
          "skipped": false
        }
      ],
      "suites": [],
      "passes": [
        "169cee91-e89f-4e72-9380-5bc90a01f491"
      ],
      "failures": [],
      "pending": [],
      "skipped": [],
      "duration": 3750,
      "root": true,
      "rootEmpty": false,
      "_timeout": 2000
    }
  ],
  "meta": {
    "mocha": {
      "version": "7.0.1"
    },
    "mochawesome": {
      "options": {
        "quiet": false,
        "reportFilename": "mochawesome",
        "saveHtml": false,
        "saveJson": true,
        "consoleReporter": "spec",
        "useInlineDiffs": false,
        "code": true
      },
      "version": "7.0.1"
    },
    "marge": {
      "options": {
        "charts": true,
        "overwrite": false,
        "html": false,
        "json": true,
        "reportDir": "cypress/reports"
      },
      "version": "6.0.1"
    }
  }
}